14:16:13:888 [ALWAYS]	GUDE Logging Started
14:16:13:889 [INFO]	SqliteResumeCache::SqliteResumeCache basedirectory is null/empty
14:16:13:889 [ERROR]	SqliteResumeCache::CreateSqliteResumeCache creating resume cache pointer failure
14:16:13:889 [ERROR]	Initialize resume cache pointer failure
14:16:13:889 [INFO]	gude policy POLICY_USER limit (2,2,1) chunk 2097152, chunking (UL 0 DL 1), resXfer 1, adapt 0, NSURL 0, timeout 86400 
14:16:13:889 [INFO]	Initialized -- gude-lib version: v0.12.1 app: gude
14:16:20:087 [WARN]	Ignoring attempt to reinit logging to \gude at level 4 retaining 3 days of logs
14:16:20:087 [INFO]	SqliteResumeCache::SqliteResumeCache basedirectory is null/empty
14:16:20:087 [ERROR]	SqliteResumeCache::CreateSqliteResumeCache creating resume cache pointer failure
14:16:20:087 [ERROR]	Initialize resume cache pointer failure
14:16:20:087 [INFO]	gude policy POLICY_USER limit (4,4,1) chunk 2097152, chunking (UL 0 DL 1), resXfer 1, adapt 0, NSURL 1, timeout 86400 
14:16:20:087 [INFO]	Initialized -- gude-lib version: v0.12.1 app: gude
14:17:04:237 [ALWAYS]	GUDE Logging Started
14:17:04:238 [INFO]	SqliteResumeCache::SqliteResumeCache basedirectory is null/empty
14:17:04:238 [ERROR]	SqliteResumeCache::CreateSqliteResumeCache creating resume cache pointer failure
14:17:04:238 [ERROR]	Initialize resume cache pointer failure
14:17:04:238 [INFO]	gude policy POLICY_USER limit (2,2,1) chunk 2097152, chunking (UL 0 DL 1), resXfer 1, adapt 0, NSURL 0, timeout 86400 
14:17:04:238 [INFO]	Initialized -- gude-lib version: v0.12.1 app: gude
14:17:09:695 [WARN]	Ignoring attempt to reinit logging to \gude at level 4 retaining 3 days of logs
14:17:09:695 [INFO]	SqliteResumeCache::SqliteResumeCache basedirectory is null/empty
14:17:09:695 [ERROR]	SqliteResumeCache::CreateSqliteResumeCache creating resume cache pointer failure
14:17:09:695 [ERROR]	Initialize resume cache pointer failure
14:17:09:695 [INFO]	gude policy POLICY_USER limit (4,4,1) chunk 2097152, chunking (UL 0 DL 1), resXfer 1, adapt 0, NSURL 1, timeout 86400 
14:17:09:695 [INFO]	Initialized -- gude-lib version: v0.12.1 app: gude
