Using pre-set license
Built from '2021.3/staging' branch; Version is '2021.3.9f1 (ad3870b89536) revision 11352176'; Using compiler version '192829333'; Build Type 'Release'
OS: 'Windows 11  (10.0.22000) 64bit Professional' Language: 'en' Physical Memory: 16332 MB
BatchMode: 1, IsHumanControllingUs: 0, StartBugReporterOnCrash: 0, Is64bit: 1, IsPro: 1

COMMAND LINE ARGUMENTS:
C:\Program Files\Unity\Hub\Editor\2021.3.9f1\Editor\Unity.exe
-adb2
-batchMode
-noUpm
-name
AssetImportWorker7
-projectPath
C:/Users/filip/source/repos/pols/pols/Ballin
-logFile
Logs/AssetImportWorker7.log
-srvPort
52948
Successfully changed project path to: C:/Users/filip/source/repos/pols/pols/Ballin
C:/Users/filip/source/repos/pols/pols/Ballin
[UnityMemory] Configuration Parameters - Can be set up in boot.config
    "memorysetup-bucket-allocator-granularity=16"
    "memorysetup-bucket-allocator-bucket-count=8"
    "memorysetup-bucket-allocator-block-size=33554432"
    "memorysetup-bucket-allocator-block-count=8"
    "memorysetup-main-allocator-block-size=16777216"
    "memorysetup-thread-allocator-block-size=16777216"
    "memorysetup-gfx-main-allocator-block-size=16777216"
    "memorysetup-gfx-thread-allocator-block-size=16777216"
    "memorysetup-cache-allocator-block-size=4194304"
    "memorysetup-typetree-allocator-block-size=2097152"
    "memorysetup-profiler-bucket-allocator-granularity=16"
    "memorysetup-profiler-bucket-allocator-bucket-count=8"
    "memorysetup-profiler-bucket-allocator-block-size=33554432"
    "memorysetup-profiler-bucket-allocator-block-count=8"
    "memorysetup-profiler-allocator-block-size=16777216"
    "memorysetup-profiler-editor-allocator-block-size=1048576"
    "memorysetup-temp-allocator-size-main=16777216"
    "memorysetup-job-temp-allocator-block-size=2097152"
    "memorysetup-job-temp-allocator-block-size-background=1048576"
    "memorysetup-job-temp-allocator-reduction-small-platforms=262144"
    "memorysetup-temp-allocator-size-background-worker=32768"
    "memorysetup-temp-allocator-size-job-worker=262144"
    "memorysetup-temp-allocator-size-preload-manager=33554432"
    "memorysetup-temp-allocator-size-nav-mesh-worker=65536"
    "memorysetup-temp-allocator-size-audio-worker=65536"
    "memorysetup-temp-allocator-size-cloud-worker=32768"
    "memorysetup-temp-allocator-size-gi-baking-worker=262144"
    "memorysetup-temp-allocator-size-gfx=262144"
Refreshing native plugins compatible for Editor in 153.18 ms, found 3 plugins.
Preloading 0 native plugins for Editor in 0.00 ms.
Initialize engine version: 2021.3.9f1 (ad3870b89536)
[Subsystems] Discovering subsystems at path C:/Program Files/Unity/Hub/Editor/2021.3.9f1/Editor/Data/Resources/UnitySubsystems
[Subsystems] Discovering subsystems at path C:/Users/filip/source/repos/pols/pols/Ballin/Assets
GfxDevice: creating device client; threaded=0; jobified=0
Direct3D:
    Version:  Direct3D 11.0 [level 11.1]
    Renderer: NVIDIA GeForce RTX 3070 Ti (ID=0x2482)
    Vendor:   NVIDIA
    VRAM:     8031 MB
    Driver:   31.0.15.2849
Initialize mono
Mono path[0] = 'C:/Program Files/Unity/Hub/Editor/2021.3.9f1/Editor/Data/Managed'
Mono path[1] = 'C:/Program Files/Unity/Hub/Editor/2021.3.9f1/Editor/Data/MonoBleedingEdge/lib/mono/unityjit-win32'
Mono config path = 'C:/Program Files/Unity/Hub/Editor/2021.3.9f1/Editor/Data/MonoBleedingEdge/etc'
Using monoOptions --debugger-agent=transport=dt_socket,embedding=1,server=y,suspend=n,address=127.0.0.1:56860
Begin MonoManager ReloadAssembly
Registering precompiled unity dll's ...
Register platform support module: C:/Program Files/Unity/Hub/Editor/2021.3.9f1/Editor/Data/PlaybackEngines/WindowsStandaloneSupport/UnityEditor.WindowsStandalone.Extensions.dll
Registered in 0.005142 seconds.
Native extension for WindowsStandalone target not found
Refreshing native plugins compatible for Editor in 79.82 ms, found 3 plugins.
Preloading 0 native plugins for Editor in 0.00 ms.
Mono: successfully reloaded assembly
- Completed reload, in  0.802 seconds
Domain Reload Profiling:
	ReloadAssembly (802ms)
		BeginReloadAssembly (116ms)
			ExecutionOrderSort (0ms)
			DisableScriptedObjects (0ms)
			BackupInstance (0ms)
			ReleaseScriptingObjects (0ms)
			CreateAndSetChildDomain (1ms)
		EndReloadAssembly (557ms)
			LoadAssemblies (113ms)
			RebuildTransferFunctionScriptingTraits (0ms)
			SetupTypeCache (134ms)
			ReleaseScriptCaches (0ms)
			RebuildScriptCaches (41ms)
			SetupLoadedEditorAssemblies (328ms)
				LogAssemblyErrors (0ms)
				InitializePlatformSupportModulesInManaged (8ms)
				SetLoadedEditorAssemblies (0ms)
				RefreshPlugins (80ms)
				BeforeProcessingInitializeOnLoad (2ms)
				ProcessInitializeOnLoadAttributes (171ms)
				ProcessInitializeOnLoadMethodAttributes (67ms)
				AfterProcessingInitializeOnLoad (0ms)
				EditorAssembliesLoaded (0ms)
			ExecutionOrderSort2 (0ms)
			AwakeInstancesAfterBackupRestoration (0ms)
Platform modules already initialized, skipping
Registering precompiled user dll's ...
Registered in 0.005870 seconds.
Begin MonoManager ReloadAssembly
Native extension for WindowsStandalone target not found
Refreshing native plugins compatible for Editor in 0.53 ms, found 3 plugins.
Preloading 0 native plugins for Editor in 0.00 ms.
Mono: successfully reloaded assembly
- Completed reload, in  1.432 seconds
Domain Reload Profiling:
	ReloadAssembly (1434ms)
		BeginReloadAssembly (154ms)
			ExecutionOrderSort (0ms)
			DisableScriptedObjects (7ms)
			BackupInstance (0ms)
			ReleaseScriptingObjects (0ms)
			CreateAndSetChildDomain (29ms)
		EndReloadAssembly (1118ms)
			LoadAssemblies (109ms)
			RebuildTransferFunctionScriptingTraits (0ms)
			SetupTypeCache (463ms)
			ReleaseScriptCaches (1ms)
			RebuildScriptCaches (62ms)
			SetupLoadedEditorAssemblies (452ms)
				LogAssemblyErrors (0ms)
				InitializePlatformSupportModulesInManaged (6ms)
				SetLoadedEditorAssemblies (0ms)
				RefreshPlugins (1ms)
				BeforeProcessingInitializeOnLoad (96ms)
				ProcessInitializeOnLoadAttributes (309ms)
				ProcessInitializeOnLoadMethodAttributes (32ms)
				AfterProcessingInitializeOnLoad (7ms)
				EditorAssembliesLoaded (0ms)
			ExecutionOrderSort2 (0ms)
			AwakeInstancesAfterBackupRestoration (9ms)
Platform modules already initialized, skipping
========================================================================
Worker process is ready to serve import requests
Launched and connected shader compiler UnityShaderCompiler.exe after 0.05 seconds
Refreshing native plugins compatible for Editor in 0.57 ms, found 3 plugins.
Preloading 0 native plugins for Editor in 0.00 ms.
Unloading 3288 Unused Serialized files (Serialized files now loaded: 0)
Unloading 24 unused Assets / (55.7 KB). Loaded Objects now: 3772.
Memory consumption went from 134.1 MB to 134.0 MB.
Total: 4.080300 ms (FindLiveObjects: 0.457500 ms CreateObjectMapping: 0.368900 ms MarkObjects: 3.102700 ms  DeleteObjects: 0.137500 ms)

AssetImportParameters requested are different than current active one (requested -> active):
  custom:video-decoder-ogg-theora: a1e56fd34408186e4bbccfd4996cb3dc -> 
  custom:container-muxer-webm: aa71ff27fc2769a1b78a27578f13a17b -> 
  custom:container-demuxer-webm: 4f35f7cbe854078d1ac9338744f61a02 -> 
  custom:video-encoder-webm-vp8: eb34c28f22e8b96e1ab97ce403110664 -> 
  custom:video-codec-MediaFoundation-h265: e54d7ab0439102e2317fc1e4b246158d -> 
  custom:audio-encoder-webm-vorbis: bf7c407c2cedff20999df2af8eb42d56 -> 
  custom:framework-win-MediaFoundation: 216162199b28c13a410421893ffa2e32 -> 
  custom:container-demuxer-ogg: 62fdf1f143b41e24485cea50d1cbac27 -> 
  custom:video-decoder-webm-vp8: 9c59270c3fd7afecdb556c50c9e8de78 -> 
  custom:audio-decoder-ogg-vorbis: bf7c407c2cedff20999df2af8eb42d56 -> 
========================================================================
Received Import Request.
  Time since last request: 754189.883630 seconds.
  path: Assets/prefabs/WrenchRamp_Segment.prefab
  artifactKey: Guid(83034a4b579b73d4e9020e5a0e8e68c6) Importer(815301076,1909f56bfc062723c751e8b465ee728b)
Start importing Assets/prefabs/WrenchRamp_Segment.prefab using Guid(83034a4b579b73d4e9020e5a0e8e68c6) Importer(815301076,1909f56bfc062723c751e8b465ee728b)  -> (artifact id: '681d7a16b61e0218e34ae96fe1758448') in 0.197891 seconds 
========================================================================
Received Import Request.
  Time since last request: 391.118696 seconds.
  path: Assets/prefabs/WrenchRamp_Segment.prefab
  artifactKey: Guid(83034a4b579b73d4e9020e5a0e8e68c6) Importer(815301076,1909f56bfc062723c751e8b465ee728b)
Start importing Assets/prefabs/WrenchRamp_Segment.prefab using Guid(83034a4b579b73d4e9020e5a0e8e68c6) Importer(815301076,1909f56bfc062723c751e8b465ee728b)  -> (artifact id: '425b3d7ca0003b31e13b474bb3e411b4') in 0.022040 seconds 
========================================================================
Received Import Request.
  Time since last request: 690.625500 seconds.
  path: Assets/prefabs/raw models/segment_thin_middle.blend
  artifactKey: Guid(2ff834390aa8cf540ab652e7b4d3160a) Importer(815301076,1909f56bfc062723c751e8b465ee728b)
Start importing Assets/prefabs/raw models/segment_thin_middle.blend using Guid(2ff834390aa8cf540ab652e7b4d3160a) Importer(815301076,1909f56bfc062723c751e8b465ee728b)  -> (artifact id: '06b4ea67c8171784b6e6bbeb2d5db9a4') in 0.099221 seconds 
========================================================================
Received Import Request.
  Time since last request: 314.860366 seconds.
  path: Assets/prefabs/Thin_Segment_middle.prefab
  artifactKey: Guid(d922a16838fd44e4d98d3dba3b7447fb) Importer(815301076,1909f56bfc062723c751e8b465ee728b)
Start importing Assets/prefabs/Thin_Segment_middle.prefab using Guid(d922a16838fd44e4d98d3dba3b7447fb) Importer(815301076,1909f56bfc062723c751e8b465ee728b)  -> (artifact id: '601b9948d75fb50012dc3871259fb6d9') in 0.020041 seconds 
========================================================================
Received Import Request.
  Time since last request: 469.883241 seconds.
  path: Assets/prefabs/loop_Segment_right.prefab
  artifactKey: Guid(8d416f8fffa73574bbc9ed0c5cb11051) Importer(815301076,1909f56bfc062723c751e8b465ee728b)
Start importing Assets/prefabs/loop_Segment_right.prefab using Guid(8d416f8fffa73574bbc9ed0c5cb11051) Importer(815301076,1909f56bfc062723c751e8b465ee728b)  -> (artifact id: '2fb70055f1e0eeece445cca456a3f099') in 0.016678 seconds 
========================================================================
Received Import Request.
  Time since last request: 0.000025 seconds.
  path: Assets/prefabs/Thin_Segment_left.prefab
  artifactKey: Guid(d559428e5d55f1d4d963b6c3daea5f95) Importer(815301076,1909f56bfc062723c751e8b465ee728b)
Start importing Assets/prefabs/Thin_Segment_left.prefab using Guid(d559428e5d55f1d4d963b6c3daea5f95) Importer(815301076,1909f56bfc062723c751e8b465ee728b)  -> (artifact id: '3a93325c6b7e6d6a0b214fad4aa7820f') in 0.019166 seconds 
========================================================================
Received Import Request.
  Time since last request: 5.222761 seconds.
  path: Assets/prefabs/raw models/fbx/segment_loop_right.fbx
  artifactKey: Guid(d57443b6acbd5fe4b98429a76c6024a8) Importer(815301076,1909f56bfc062723c751e8b465ee728b)
Start importing Assets/prefabs/raw models/fbx/segment_loop_right.fbx using Guid(d57443b6acbd5fe4b98429a76c6024a8) Importer(815301076,1909f56bfc062723c751e8b465ee728b)  -> (artifact id: '68a40dceed51014baa93a23d61d570eb') in 0.047891 seconds 
========================================================================
Received Import Request.
  Time since last request: 120.124026 seconds.
  path: Assets/prefabs/Thin_Segment_left.prefab
  artifactKey: Guid(d559428e5d55f1d4d963b6c3daea5f95) Importer(815301076,1909f56bfc062723c751e8b465ee728b)
Start importing Assets/prefabs/Thin_Segment_left.prefab using Guid(d559428e5d55f1d4d963b6c3daea5f95) Importer(815301076,1909f56bfc062723c751e8b465ee728b)  -> (artifact id: '003175b8f820cc42d3d648853b3b5cf7') in 0.099067 seconds 
========================================================================
Received Import Request.
  Time since last request: 0.000032 seconds.
  path: Assets/prefabs/Thin_Segment_middle.prefab
  artifactKey: Guid(d922a16838fd44e4d98d3dba3b7447fb) Importer(815301076,1909f56bfc062723c751e8b465ee728b)
Start importing Assets/prefabs/Thin_Segment_middle.prefab using Guid(d922a16838fd44e4d98d3dba3b7447fb) Importer(815301076,1909f56bfc062723c751e8b465ee728b)  -> (artifact id: '8809ee86441b88b53f2e125a1f424117') in 0.049134 seconds 
========================================================================
Received Import Request.
  Time since last request: 0.000053 seconds.
  path: Assets/prefabs/Thin_Segment_right.prefab
  artifactKey: Guid(433298e99282f70489829b8185eff200) Importer(815301076,1909f56bfc062723c751e8b465ee728b)
Start importing Assets/prefabs/Thin_Segment_right.prefab using Guid(433298e99282f70489829b8185eff200) Importer(815301076,1909f56bfc062723c751e8b465ee728b)  -> (artifact id: '8dbad5da97f8001641c069d2a26d8a82') in 0.036603 seconds 
========================================================================
Received Import Request.
  Time since last request: 0.000041 seconds.
  path: Assets/prefabs/WrenchRamp_Segment.prefab
  artifactKey: Guid(83034a4b579b73d4e9020e5a0e8e68c6) Importer(815301076,1909f56bfc062723c751e8b465ee728b)
Start importing Assets/prefabs/WrenchRamp_Segment.prefab using Guid(83034a4b579b73d4e9020e5a0e8e68c6) Importer(815301076,1909f56bfc062723c751e8b465ee728b)  -> (artifact id: 'f523804b677c1011252a3444c283e79b') in 0.033746 seconds 
========================================================================
Received Import Request.
  Time since last request: 0.000043 seconds.
  path: Assets/prefabs/Tunnel_Segment.prefab
  artifactKey: Guid(689f04ba04ff1464c96ba5c9947d7e46) Importer(815301076,1909f56bfc062723c751e8b465ee728b)
Start importing Assets/prefabs/Tunnel_Segment.prefab using Guid(689f04ba04ff1464c96ba5c9947d7e46) Importer(815301076,1909f56bfc062723c751e8b465ee728b)  -> (artifact id: '085cdb77dccf6d0338eeb05474731489') in 0.032974 seconds 
Editor requested this worker to shutdown with reason: Scaling down because of idle timeout
AssetImportWorker is now disconnected from the server
Process exiting
Exiting without the bug reporter. Application will terminate with return code 0