Using pre-set license
Built from '2021.3/staging' branch; Version is '2021.3.9f1 (ad3870b89536) revision 11352176'; Using compiler version '192829333'; Build Type 'Release'
OS: 'Windows 11  (10.0.22000) 64bit Professional' Language: 'en' Physical Memory: 16332 MB
BatchMode: 1, IsHumanControllingUs: 0, StartBugReporterOnCrash: 0, Is64bit: 1, IsPro: 1

COMMAND LINE ARGUMENTS:
C:\Program Files\Unity\Hub\Editor\2021.3.9f1\Editor\Unity.exe
-adb2
-batchMode
-noUpm
-name
AssetImportWorker11
-projectPath
C:/Users/filip/source/repos/polsFINAL/pols/Ballin
-logFile
Logs/AssetImportWorker11.log
-srvPort
62328
Successfully changed project path to: C:/Users/filip/source/repos/polsFINAL/pols/Ballin
C:/Users/filip/source/repos/polsFINAL/pols/Ballin
[UnityMemory] Configuration Parameters - Can be set up in boot.config
    "memorysetup-bucket-allocator-granularity=16"
    "memorysetup-bucket-allocator-bucket-count=8"
    "memorysetup-bucket-allocator-block-size=33554432"
    "memorysetup-bucket-allocator-block-count=8"
    "memorysetup-main-allocator-block-size=16777216"
    "memorysetup-thread-allocator-block-size=16777216"
    "memorysetup-gfx-main-allocator-block-size=16777216"
    "memorysetup-gfx-thread-allocator-block-size=16777216"
    "memorysetup-cache-allocator-block-size=4194304"
    "memorysetup-typetree-allocator-block-size=2097152"
    "memorysetup-profiler-bucket-allocator-granularity=16"
    "memorysetup-profiler-bucket-allocator-bucket-count=8"
    "memorysetup-profiler-bucket-allocator-block-size=33554432"
    "memorysetup-profiler-bucket-allocator-block-count=8"
    "memorysetup-profiler-allocator-block-size=16777216"
    "memorysetup-profiler-editor-allocator-block-size=1048576"
    "memorysetup-temp-allocator-size-main=16777216"
    "memorysetup-job-temp-allocator-block-size=2097152"
    "memorysetup-job-temp-allocator-block-size-background=1048576"
    "memorysetup-job-temp-allocator-reduction-small-platforms=262144"
    "memorysetup-temp-allocator-size-background-worker=32768"
    "memorysetup-temp-allocator-size-job-worker=262144"
    "memorysetup-temp-allocator-size-preload-manager=33554432"
    "memorysetup-temp-allocator-size-nav-mesh-worker=65536"
    "memorysetup-temp-allocator-size-audio-worker=65536"
    "memorysetup-temp-allocator-size-cloud-worker=32768"
    "memorysetup-temp-allocator-size-gi-baking-worker=262144"
    "memorysetup-temp-allocator-size-gfx=262144"
Refreshing native plugins compatible for Editor in 154.34 ms, found 3 plugins.
Preloading 0 native plugins for Editor in 0.00 ms.
Initialize engine version: 2021.3.9f1 (ad3870b89536)
[Subsystems] Discovering subsystems at path C:/Program Files/Unity/Hub/Editor/2021.3.9f1/Editor/Data/Resources/UnitySubsystems
[Subsystems] Discovering subsystems at path C:/Users/filip/source/repos/polsFINAL/pols/Ballin/Assets
GfxDevice: creating device client; threaded=0; jobified=0
Direct3D:
    Version:  Direct3D 11.0 [level 11.1]
    Renderer: NVIDIA GeForce RTX 3070 Ti (ID=0x2482)
    Vendor:   NVIDIA
    VRAM:     8031 MB
    Driver:   31.0.15.2824
Initialize mono
Mono path[0] = 'C:/Program Files/Unity/Hub/Editor/2021.3.9f1/Editor/Data/Managed'
Mono path[1] = 'C:/Program Files/Unity/Hub/Editor/2021.3.9f1/Editor/Data/MonoBleedingEdge/lib/mono/unityjit-win32'
Mono config path = 'C:/Program Files/Unity/Hub/Editor/2021.3.9f1/Editor/Data/MonoBleedingEdge/etc'
Using monoOptions --debugger-agent=transport=dt_socket,embedding=1,server=y,suspend=n,address=127.0.0.1:56056
Begin MonoManager ReloadAssembly
Registering precompiled unity dll's ...
Register platform support module: C:/Program Files/Unity/Hub/Editor/2021.3.9f1/Editor/Data/PlaybackEngines/WindowsStandaloneSupport/UnityEditor.WindowsStandalone.Extensions.dll
Registered in 0.007949 seconds.
Native extension for WindowsStandalone target not found
Refreshing native plugins compatible for Editor in 136.73 ms, found 3 plugins.
Preloading 0 native plugins for Editor in 0.00 ms.
Mono: successfully reloaded assembly
- Completed reload, in  1.461 seconds
Domain Reload Profiling:
	ReloadAssembly (1463ms)
		BeginReloadAssembly (165ms)
			ExecutionOrderSort (0ms)
			DisableScriptedObjects (0ms)
			BackupInstance (0ms)
			ReleaseScriptingObjects (0ms)
			CreateAndSetChildDomain (2ms)
		EndReloadAssembly (1049ms)
			LoadAssemblies (161ms)
			RebuildTransferFunctionScriptingTraits (0ms)
			SetupTypeCache (269ms)
			ReleaseScriptCaches (0ms)
			RebuildScriptCaches (72ms)
			SetupLoadedEditorAssemblies (590ms)
				LogAssemblyErrors (0ms)
				InitializePlatformSupportModulesInManaged (12ms)
				SetLoadedEditorAssemblies (0ms)
				RefreshPlugins (137ms)
				BeforeProcessingInitializeOnLoad (2ms)
				ProcessInitializeOnLoadAttributes (324ms)
				ProcessInitializeOnLoadMethodAttributes (113ms)
				AfterProcessingInitializeOnLoad (0ms)
				EditorAssembliesLoaded (0ms)
			ExecutionOrderSort2 (0ms)
			AwakeInstancesAfterBackupRestoration (0ms)
Platform modules already initialized, skipping
Registering precompiled user dll's ...
Registered in 0.009608 seconds.
Begin MonoManager ReloadAssembly
Native extension for WindowsStandalone target not found
Refreshing native plugins compatible for Editor in 0.58 ms, found 3 plugins.
Preloading 0 native plugins for Editor in 0.00 ms.
Mono: successfully reloaded assembly
- Completed reload, in  1.258 seconds
Domain Reload Profiling:
	ReloadAssembly (1259ms)
		BeginReloadAssembly (170ms)
			ExecutionOrderSort (0ms)
			DisableScriptedObjects (15ms)
			BackupInstance (0ms)
			ReleaseScriptingObjects (0ms)
			CreateAndSetChildDomain (25ms)
		EndReloadAssembly (961ms)
			LoadAssemblies (99ms)
			RebuildTransferFunctionScriptingTraits (0ms)
			SetupTypeCache (278ms)
			ReleaseScriptCaches (1ms)
			RebuildScriptCaches (67ms)
			SetupLoadedEditorAssemblies (441ms)
				LogAssemblyErrors (0ms)
				InitializePlatformSupportModulesInManaged (7ms)
				SetLoadedEditorAssemblies (0ms)
				RefreshPlugins (1ms)
				BeforeProcessingInitializeOnLoad (99ms)
				ProcessInitializeOnLoadAttributes (289ms)
				ProcessInitializeOnLoadMethodAttributes (35ms)
				AfterProcessingInitializeOnLoad (10ms)
				EditorAssembliesLoaded (0ms)
			ExecutionOrderSort2 (0ms)
			AwakeInstancesAfterBackupRestoration (15ms)
Platform modules already initialized, skipping
========================================================================
Worker process is ready to serve import requests
Launched and connected shader compiler UnityShaderCompiler.exe after 0.06 seconds
Refreshing native plugins compatible for Editor in 0.56 ms, found 3 plugins.
Preloading 0 native plugins for Editor in 0.00 ms.
Unloading 3283 Unused Serialized files (Serialized files now loaded: 0)
Unloading 24 unused Assets / (55.8 KB). Loaded Objects now: 3762.
Memory consumption went from 127.6 MB to 127.5 MB.
Total: 5.177000 ms (FindLiveObjects: 1.056300 ms CreateObjectMapping: 0.553100 ms MarkObjects: 3.480800 ms  DeleteObjects: 0.085400 ms)

AssetImportParameters requested are different than current active one (requested -> active):
  custom:video-decoder-ogg-theora: a1e56fd34408186e4bbccfd4996cb3dc -> 
  custom:container-muxer-webm: aa71ff27fc2769a1b78a27578f13a17b -> 
  custom:container-demuxer-webm: 4f35f7cbe854078d1ac9338744f61a02 -> 
  custom:video-encoder-webm-vp8: eb34c28f22e8b96e1ab97ce403110664 -> 
  custom:video-codec-MediaFoundation-h265: e54d7ab0439102e2317fc1e4b246158d -> 
  custom:audio-encoder-webm-vorbis: bf7c407c2cedff20999df2af8eb42d56 -> 
  custom:framework-win-MediaFoundation: 216162199b28c13a410421893ffa2e32 -> 
  custom:container-demuxer-ogg: 62fdf1f143b41e24485cea50d1cbac27 -> 
  custom:video-decoder-webm-vp8: 9c59270c3fd7afecdb556c50c9e8de78 -> 
  custom:audio-decoder-ogg-vorbis: bf7c407c2cedff20999df2af8eb42d56 -> 
========================================================================
Received Import Request.
  Time since last request: 544788.705414 seconds.
  path: Assets/Textures/space-cruiser-panels2-unity/space-cruiser-panels2_ao.png
  artifactKey: Guid(0070f364e9c18554aa84c0c8aab5463b) Importer(815301076,1909f56bfc062723c751e8b465ee728b)
Start importing Assets/Textures/space-cruiser-panels2-unity/space-cruiser-panels2_ao.png using Guid(0070f364e9c18554aa84c0c8aab5463b) Importer(815301076,1909f56bfc062723c751e8b465ee728b)  -> (artifact id: 'db2cbaf75e93b747b30631d2f33308b8') in 0.153858 seconds 
========================================================================
Received Import Request.
  Time since last request: 78.373917 seconds.
  path: Assets/Textures/space-cruiser-panels2-unity/space-cruiser-panels2_normal-ogl.png
  artifactKey: Guid(7c81a955d5b5a8644adc5ad8aa9082fa) Importer(815301076,1909f56bfc062723c751e8b465ee728b)
Start importing Assets/Textures/space-cruiser-panels2-unity/space-cruiser-panels2_normal-ogl.png using Guid(7c81a955d5b5a8644adc5ad8aa9082fa) Importer(815301076,1909f56bfc062723c751e8b465ee728b)  -> (artifact id: 'f545b79bf588b4969e1d3e537c001d24') in 0.055310 seconds 
========================================================================
Received Import Request.
  Time since last request: 94.868729 seconds.
  path: Assets/Textures/space-cruiser-panels2-unity/space-cruiser-panels2_height.png
  artifactKey: Guid(66a383d2ca7f532449b68c5e32099f1a) Importer(815301076,1909f56bfc062723c751e8b465ee728b)
Start importing Assets/Textures/space-cruiser-panels2-unity/space-cruiser-panels2_height.png using Guid(66a383d2ca7f532449b68c5e32099f1a) Importer(815301076,1909f56bfc062723c751e8b465ee728b)  -> (artifact id: '9367cad097ae258588efe358b2d96ff3') in 0.021634 seconds 
========================================================================
Received Import Request.
  Time since last request: 28.037533 seconds.
  path: Assets/Textures/space-cruiser-panels2-unity/space-cruiser-panels2_height.png
  artifactKey: Guid(66a383d2ca7f532449b68c5e32099f1a) Importer(815301076,1909f56bfc062723c751e8b465ee728b)
Start importing Assets/Textures/space-cruiser-panels2-unity/space-cruiser-panels2_height.png using Guid(66a383d2ca7f532449b68c5e32099f1a) Importer(815301076,1909f56bfc062723c751e8b465ee728b)  -> (artifact id: 'd5377ec57c830fae814ebe75c4cddf5e') in 0.017991 seconds 
========================================================================
Received Import Request.
  Time since last request: 8.000905 seconds.
  path: Assets/prefabs/C_Segment_left.prefab
  artifactKey: Guid(b4f73605c57aae8498fde31b1376388c) Importer(815301076,1909f56bfc062723c751e8b465ee728b)
Start importing Assets/prefabs/C_Segment_left.prefab using Guid(b4f73605c57aae8498fde31b1376388c) Importer(815301076,1909f56bfc062723c751e8b465ee728b)  -> (artifact id: '3314c608f870c7e55209c27b4c37fd79') in 0.046469 seconds 
========================================================================
Received Import Request.
  Time since last request: 0.849717 seconds.
  path: Assets/prefabs/loop_Segment_right.prefab
  artifactKey: Guid(8d416f8fffa73574bbc9ed0c5cb11051) Importer(815301076,1909f56bfc062723c751e8b465ee728b)
Start importing Assets/prefabs/loop_Segment_right.prefab using Guid(8d416f8fffa73574bbc9ed0c5cb11051) Importer(815301076,1909f56bfc062723c751e8b465ee728b)  -> (artifact id: 'b064c98ffeeaa26db04f203837e2ee41') in 0.019293 seconds 
========================================================================
Received Import Request.
  Time since last request: 1.016749 seconds.
  path: Assets/prefabs/Thin_Segment_right.prefab
  artifactKey: Guid(433298e99282f70489829b8185eff200) Importer(815301076,1909f56bfc062723c751e8b465ee728b)
Start importing Assets/prefabs/Thin_Segment_right.prefab using Guid(433298e99282f70489829b8185eff200) Importer(815301076,1909f56bfc062723c751e8b465ee728b)  -> (artifact id: 'dd4087e19aeaadb7142ffabe535eaa15') in 0.011780 seconds 
========================================================================
Received Import Request.
  Time since last request: 0.353497 seconds.
  path: Assets/prefabs/WrenchRamp_Segment.prefab
  artifactKey: Guid(83034a4b579b73d4e9020e5a0e8e68c6) Importer(815301076,1909f56bfc062723c751e8b465ee728b)
Start importing Assets/prefabs/WrenchRamp_Segment.prefab using Guid(83034a4b579b73d4e9020e5a0e8e68c6) Importer(815301076,1909f56bfc062723c751e8b465ee728b)  -> (artifact id: '954c113a87b5ea889aef8691477c9b6e') in 0.010935 seconds 
========================================================================
Received Import Request.
  Time since last request: 1.210041 seconds.
  path: Assets/prefabs/C_Segment_right.prefab
  artifactKey: Guid(3d8b8f03f93465441b04f163ccc2f0c2) Importer(815301076,1909f56bfc062723c751e8b465ee728b)
Start importing Assets/prefabs/C_Segment_right.prefab using Guid(3d8b8f03f93465441b04f163ccc2f0c2) Importer(815301076,1909f56bfc062723c751e8b465ee728b)  -> (artifact id: '6682fa8c34af3a51d30fdf0735de4bf0') in 0.010648 seconds 
========================================================================
Received Import Request.
  Time since last request: 0.199352 seconds.
  path: Assets/prefabs/Empty_Segment.prefab
  artifactKey: Guid(8e73bdbd1e34f764f96239087b7c57a5) Importer(815301076,1909f56bfc062723c751e8b465ee728b)
Start importing Assets/prefabs/Empty_Segment.prefab using Guid(8e73bdbd1e34f764f96239087b7c57a5) Importer(815301076,1909f56bfc062723c751e8b465ee728b)  -> (artifact id: '71a7c60ca5d5096e6f903a0df5fc6bf3') in 0.026676 seconds 
========================================================================
Received Import Request.
  Time since last request: 5.214470 seconds.
  path: Assets/prefabs/Empty_Segment.prefab
  artifactKey: Guid(8e73bdbd1e34f764f96239087b7c57a5) Importer(815301076,1909f56bfc062723c751e8b465ee728b)
Start importing Assets/prefabs/Empty_Segment.prefab using Guid(8e73bdbd1e34f764f96239087b7c57a5) Importer(815301076,1909f56bfc062723c751e8b465ee728b)  -> (artifact id: '62e5b2f6c9e19e6f23834bc68748314e') in 0.018822 seconds 
========================================================================
Received Prepare
Registering precompiled user dll's ...
Registered in 0.005904 seconds.
Begin MonoManager ReloadAssembly
Native extension for WindowsStandalone target not found
Refreshing native plugins compatible for Editor in 0.53 ms, found 3 plugins.
Preloading 0 native plugins for Editor in 0.00 ms.
Mono: successfully reloaded assembly
- Completed reload, in  1.154 seconds
Domain Reload Profiling:
	ReloadAssembly (1155ms)
		BeginReloadAssembly (153ms)
			ExecutionOrderSort (0ms)
			DisableScriptedObjects (6ms)
			BackupInstance (0ms)
			ReleaseScriptingObjects (0ms)
			CreateAndSetChildDomain (43ms)
		EndReloadAssembly (894ms)
			LoadAssemblies (93ms)
			RebuildTransferFunctionScriptingTraits (0ms)
			SetupTypeCache (285ms)
			ReleaseScriptCaches (2ms)
			RebuildScriptCaches (57ms)
			SetupLoadedEditorAssemblies (406ms)
				LogAssemblyErrors (0ms)
				InitializePlatformSupportModulesInManaged (16ms)
				SetLoadedEditorAssemblies (1ms)
				RefreshPlugins (1ms)
				BeforeProcessingInitializeOnLoad (71ms)
				ProcessInitializeOnLoadAttributes (268ms)
				ProcessInitializeOnLoadMethodAttributes (38ms)
				AfterProcessingInitializeOnLoad (11ms)
				EditorAssembliesLoaded (0ms)
			ExecutionOrderSort2 (0ms)
			AwakeInstancesAfterBackupRestoration (12ms)
Platform modules already initialized, skipping
Refreshing native plugins compatible for Editor in 3.34 ms, found 3 plugins.
Preloading 0 native plugins for Editor in 0.00 ms.
Unloading 3264 Unused Serialized files (Serialized files now loaded: 0)
Unloading 18 unused Assets / (25.4 KB). Loaded Objects now: 3777.
Memory consumption went from 130.6 MB to 130.6 MB.
Total: 3.627500 ms (FindLiveObjects: 0.447300 ms CreateObjectMapping: 0.212800 ms MarkObjects: 2.937700 ms  DeleteObjects: 0.028500 ms)

AssetImportParameters requested are different than current active one (requested -> active):
  custom:video-decoder-ogg-theora: a1e56fd34408186e4bbccfd4996cb3dc -> 
  custom:container-muxer-webm: aa71ff27fc2769a1b78a27578f13a17b -> 
  custom:container-demuxer-webm: 4f35f7cbe854078d1ac9338744f61a02 -> 
  custom:video-encoder-webm-vp8: eb34c28f22e8b96e1ab97ce403110664 -> 
  custom:video-codec-MediaFoundation-h265: e54d7ab0439102e2317fc1e4b246158d -> 
  custom:audio-encoder-webm-vorbis: bf7c407c2cedff20999df2af8eb42d56 -> 
  custom:framework-win-MediaFoundation: 216162199b28c13a410421893ffa2e32 -> 
  custom:container-demuxer-ogg: 62fdf1f143b41e24485cea50d1cbac27 -> 
  custom:video-decoder-webm-vp8: 9c59270c3fd7afecdb556c50c9e8de78 -> 
  custom:audio-decoder-ogg-vorbis: bf7c407c2cedff20999df2af8eb42d56 -> 
========================================================================
Received Import Request.
  Time since last request: 160.211293 seconds.
  path: Assets/prefabs/loop_Segment_left.prefab
  artifactKey: Guid(171ef386d0dadbf47900053ddb0344f4) Importer(815301076,1909f56bfc062723c751e8b465ee728b)
Start importing Assets/prefabs/loop_Segment_left.prefab using Guid(171ef386d0dadbf47900053ddb0344f4) Importer(815301076,1909f56bfc062723c751e8b465ee728b)  -> (artifact id: 'ba5e4d20c41f78a97601e0abec062cce') in 0.073870 seconds 
========================================================================
Received Import Request.
  Time since last request: 10.244441 seconds.
  path: Assets/prefabs/Thin_Segment_left.prefab
  artifactKey: Guid(d559428e5d55f1d4d963b6c3daea5f95) Importer(815301076,1909f56bfc062723c751e8b465ee728b)
Start importing Assets/prefabs/Thin_Segment_left.prefab using Guid(d559428e5d55f1d4d963b6c3daea5f95) Importer(815301076,1909f56bfc062723c751e8b465ee728b)  -> (artifact id: '39535a883de2712160a140b16fa96d2f') in 0.038083 seconds 
========================================================================
Received Prepare
Registering precompiled user dll's ...
Registered in 0.005473 seconds.
Begin MonoManager ReloadAssembly
Native extension for WindowsStandalone target not found
Refreshing native plugins compatible for Editor in 0.53 ms, found 3 plugins.
Preloading 0 native plugins for Editor in 0.00 ms.
Mono: successfully reloaded assembly
- Completed reload, in  1.159 seconds
Domain Reload Profiling:
	ReloadAssembly (1160ms)
		BeginReloadAssembly (165ms)
			ExecutionOrderSort (0ms)
			DisableScriptedObjects (6ms)
			BackupInstance (0ms)
			ReleaseScriptingObjects (0ms)
			CreateAndSetChildDomain (44ms)
		EndReloadAssembly (874ms)
			LoadAssemblies (113ms)
			RebuildTransferFunctionScriptingTraits (0ms)
			SetupTypeCache (283ms)
			ReleaseScriptCaches (2ms)
			RebuildScriptCaches (49ms)
			SetupLoadedEditorAssemblies (383ms)
				LogAssemblyErrors (0ms)
				InitializePlatformSupportModulesInManaged (14ms)
				SetLoadedEditorAssemblies (1ms)
				RefreshPlugins (1ms)
				BeforeProcessingInitializeOnLoad (72ms)
				ProcessInitializeOnLoadAttributes (246ms)
				ProcessInitializeOnLoadMethodAttributes (39ms)
				AfterProcessingInitializeOnLoad (9ms)
				EditorAssembliesLoaded (0ms)
			ExecutionOrderSort2 (0ms)
			AwakeInstancesAfterBackupRestoration (12ms)
Platform modules already initialized, skipping
Refreshing native plugins compatible for Editor in 2.59 ms, found 3 plugins.
Preloading 0 native plugins for Editor in 0.00 ms.
Unloading 3264 Unused Serialized files (Serialized files now loaded: 0)
Unloading 18 unused Assets / (25.4 KB). Loaded Objects now: 3780.
Memory consumption went from 130.6 MB to 130.6 MB.
Total: 3.553300 ms (FindLiveObjects: 0.303900 ms CreateObjectMapping: 0.195400 ms MarkObjects: 3.018000 ms  DeleteObjects: 0.034700 ms)

AssetImportParameters requested are different than current active one (requested -> active):
  custom:video-decoder-ogg-theora: a1e56fd34408186e4bbccfd4996cb3dc -> 
  custom:container-muxer-webm: aa71ff27fc2769a1b78a27578f13a17b -> 
  custom:container-demuxer-webm: 4f35f7cbe854078d1ac9338744f61a02 -> 
  custom:video-encoder-webm-vp8: eb34c28f22e8b96e1ab97ce403110664 -> 
  custom:video-codec-MediaFoundation-h265: e54d7ab0439102e2317fc1e4b246158d -> 
  custom:audio-encoder-webm-vorbis: bf7c407c2cedff20999df2af8eb42d56 -> 
  custom:framework-win-MediaFoundation: 216162199b28c13a410421893ffa2e32 -> 
  custom:container-demuxer-ogg: 62fdf1f143b41e24485cea50d1cbac27 -> 
  custom:video-decoder-webm-vp8: 9c59270c3fd7afecdb556c50c9e8de78 -> 
  custom:audio-decoder-ogg-vorbis: bf7c407c2cedff20999df2af8eb42d56 -> 
