Using pre-set license
Built from '2021.3/staging' branch; Version is '2021.3.22f1 (b6c551784ba3) revision 11978065'; Using compiler version '192829333'; Build Type 'Release'
OS: 'Windows 10  (10.0.19045) 64bit Professional' Language: 'en' Physical Memory: 32693 MB
BatchMode: 1, IsHumanControllingUs: 0, StartBugReporterOnCrash: 0, Is64bit: 1, IsPro: 1

COMMAND LINE ARGUMENTS:
C:\Program Files\Unity\Hub\Editor\2021.3.22f1\Editor\Unity.exe
-adb2
-batchMode
-noUpm
-name
AssetImportWorker3
-projectPath
C:/Games/pre projekt/pols/Ballin
-logFile
Logs/AssetImportWorker3.log
-srvPort
57290
Successfully changed project path to: C:/Games/pre projekt/pols/Ballin
C:/Games/pre projekt/pols/Ballin
[UnityMemory] Configuration Parameters - Can be set up in boot.config
    "memorysetup-bucket-allocator-granularity=16"
    "memorysetup-bucket-allocator-bucket-count=8"
    "memorysetup-bucket-allocator-block-size=33554432"
    "memorysetup-bucket-allocator-block-count=8"
    "memorysetup-main-allocator-block-size=16777216"
    "memorysetup-thread-allocator-block-size=16777216"
    "memorysetup-gfx-main-allocator-block-size=16777216"
    "memorysetup-gfx-thread-allocator-block-size=16777216"
    "memorysetup-cache-allocator-block-size=4194304"
    "memorysetup-typetree-allocator-block-size=2097152"
    "memorysetup-profiler-bucket-allocator-granularity=16"
    "memorysetup-profiler-bucket-allocator-bucket-count=8"
    "memorysetup-profiler-bucket-allocator-block-size=33554432"
    "memorysetup-profiler-bucket-allocator-block-count=8"
    "memorysetup-profiler-allocator-block-size=16777216"
    "memorysetup-profiler-editor-allocator-block-size=1048576"
    "memorysetup-temp-allocator-size-main=16777216"
    "memorysetup-job-temp-allocator-block-size=2097152"
    "memorysetup-job-temp-allocator-block-size-background=1048576"
    "memorysetup-job-temp-allocator-reduction-small-platforms=262144"
    "memorysetup-temp-allocator-size-background-worker=32768"
    "memorysetup-temp-allocator-size-job-worker=262144"
    "memorysetup-temp-allocator-size-preload-manager=33554432"
    "memorysetup-temp-allocator-size-nav-mesh-worker=65536"
    "memorysetup-temp-allocator-size-audio-worker=65536"
    "memorysetup-temp-allocator-size-cloud-worker=32768"
    "memorysetup-temp-allocator-size-gi-baking-worker=262144"
    "memorysetup-temp-allocator-size-gfx=262144"
Player connection [23872] Host "[IP] 192.168.0.197 [Port] 0 [Flags] 2 [Guid] 3758217260 [EditorId] 3758217260 [Version] 1048832 [Id] WindowsEditor(7,DESKTOP-INJ9UO3) [Debug] 1 [PackageName] WindowsEditor [ProjectName] Editor" joined multi-casting on [225.0.0.222:54997]...

Player connection [23872] Host "[IP] 192.168.0.197 [Port] 0 [Flags] 2 [Guid] 3758217260 [EditorId] 3758217260 [Version] 1048832 [Id] WindowsEditor(7,DESKTOP-INJ9UO3) [Debug] 1 [PackageName] WindowsEditor [ProjectName] Editor" joined alternative multi-casting on [225.0.0.222:34997]...

Refreshing native plugins compatible for Editor in 91.22 ms, found 3 plugins.
Preloading 0 native plugins for Editor in 0.00 ms.
Initialize engine version: 2021.3.22f1 (b6c551784ba3)
[Subsystems] Discovering subsystems at path C:/Program Files/Unity/Hub/Editor/2021.3.22f1/Editor/Data/Resources/UnitySubsystems
[Subsystems] Discovering subsystems at path C:/Games/pre projekt/pols/Ballin/Assets
GfxDevice: creating device client; threaded=0; jobified=0
Direct3D:
    Version:  Direct3D 11.0 [level 11.1]
    Renderer: NVIDIA GeForce GTX 1660 SUPER (ID=0x21c4)
    Vendor:   NVIDIA
    VRAM:     5980 MB
    Driver:   31.0.15.3168
Initialize mono
Mono path[0] = 'C:/Program Files/Unity/Hub/Editor/2021.3.22f1/Editor/Data/Managed'
Mono path[1] = 'C:/Program Files/Unity/Hub/Editor/2021.3.22f1/Editor/Data/MonoBleedingEdge/lib/mono/unityjit-win32'
Mono config path = 'C:/Program Files/Unity/Hub/Editor/2021.3.22f1/Editor/Data/MonoBleedingEdge/etc'
Using monoOptions --debugger-agent=transport=dt_socket,embedding=1,server=y,suspend=n,address=127.0.0.1:56548
Begin MonoManager ReloadAssembly
Registering precompiled unity dll's ...
Register platform support module: C:/Program Files/Unity/Hub/Editor/2021.3.22f1/Editor/Data/PlaybackEngines/WindowsStandaloneSupport/UnityEditor.WindowsStandalone.Extensions.dll
Register platform support module: C:/Program Files/Unity/Hub/Editor/2021.3.22f1/Editor/Data/PlaybackEngines/MetroSupport/UnityEditor.UWP.Extensions.dll
Registered in 0.013316 seconds.
Native extension for UWP target not found
Native extension for WindowsStandalone target not found
Refreshing native plugins compatible for Editor in 67.70 ms, found 3 plugins.
Preloading 0 native plugins for Editor in 0.00 ms.
Mono: successfully reloaded assembly
- Completed reload, in  0.738 seconds
Domain Reload Profiling:
	ReloadAssembly (739ms)
		BeginReloadAssembly (114ms)
			ExecutionOrderSort (0ms)
			DisableScriptedObjects (0ms)
			BackupInstance (0ms)
			ReleaseScriptingObjects (0ms)
			CreateAndSetChildDomain (1ms)
		EndReloadAssembly (496ms)
			LoadAssemblies (110ms)
			RebuildTransferFunctionScriptingTraits (0ms)
			SetupTypeCache (109ms)
			ReleaseScriptCaches (0ms)
			RebuildScriptCaches (31ms)
			SetupLoadedEditorAssemblies (292ms)
				LogAssemblyErrors (0ms)
				InitializePlatformSupportModulesInManaged (13ms)
				SetLoadedEditorAssemblies (0ms)
				RefreshPlugins (68ms)
				BeforeProcessingInitializeOnLoad (2ms)
				ProcessInitializeOnLoadAttributes (154ms)
				ProcessInitializeOnLoadMethodAttributes (55ms)
				AfterProcessingInitializeOnLoad (0ms)
				EditorAssembliesLoaded (0ms)
			ExecutionOrderSort2 (0ms)
			AwakeInstancesAfterBackupRestoration (0ms)
Platform modules already initialized, skipping
Registering precompiled user dll's ...
Registered in 0.012200 seconds.
Begin MonoManager ReloadAssembly
Symbol file LoadedFromMemory doesn't match image C:\Games\pre projekt\pols\Ballin\Library\PackageCache\com.unity.visualscripting@1.8.0\Editor\VisualScripting.Core\Dependencies\YamlDotNet\Unity.VisualScripting.YamlDotNet.dll
Symbol file LoadedFromMemory doesn't match image C:\Games\pre projekt\pols\Ballin\Library\PackageCache\com.unity.visualscripting@1.8.0\Editor\VisualScripting.Core\Dependencies\DotNetZip\Unity.VisualScripting.IonicZip.dll
Native extension for UWP target not found
Native extension for WindowsStandalone target not found
Refreshing native plugins compatible for Editor in 0.52 ms, found 3 plugins.
Preloading 0 native plugins for Editor in 0.00 ms.
Mono: successfully reloaded assembly
- Completed reload, in  1.120 seconds
Domain Reload Profiling:
	ReloadAssembly (1121ms)
		BeginReloadAssembly (146ms)
			ExecutionOrderSort (0ms)
			DisableScriptedObjects (7ms)
			BackupInstance (0ms)
			ReleaseScriptingObjects (0ms)
			CreateAndSetChildDomain (18ms)
		EndReloadAssembly (843ms)
			LoadAssemblies (122ms)
			RebuildTransferFunctionScriptingTraits (0ms)
			SetupTypeCache (235ms)
			ReleaseScriptCaches (1ms)
			RebuildScriptCaches (58ms)
			SetupLoadedEditorAssemblies (404ms)
				LogAssemblyErrors (0ms)
				InitializePlatformSupportModulesInManaged (10ms)
				SetLoadedEditorAssemblies (1ms)
				RefreshPlugins (1ms)
				BeforeProcessingInitializeOnLoad (89ms)
				ProcessInitializeOnLoadAttributes (266ms)
				ProcessInitializeOnLoadMethodAttributes (21ms)
				AfterProcessingInitializeOnLoad (17ms)
				EditorAssembliesLoaded (0ms)
			ExecutionOrderSort2 (0ms)
			AwakeInstancesAfterBackupRestoration (6ms)
Platform modules already initialized, skipping
========================================================================
Worker process is ready to serve import requests
Launched and connected shader compiler UnityShaderCompiler.exe after 0.06 seconds
Refreshing native plugins compatible for Editor in 0.52 ms, found 3 plugins.
Preloading 0 native plugins for Editor in 0.00 ms.
Unloading 3085 Unused Serialized files (Serialized files now loaded: 0)
Unloading 33 unused Assets / (1.3 MB). Loaded Objects now: 3561.
Memory consumption went from 136.6 MB to 135.3 MB.
Total: 3.283800 ms (FindLiveObjects: 0.351300 ms CreateObjectMapping: 0.104700 ms MarkObjects: 2.547700 ms  DeleteObjects: 0.279300 ms)

AssetImportParameters requested are different than current active one (requested -> active):
  custom:video-decoder-ogg-theora: a1e56fd34408186e4bbccfd4996cb3dc -> 
  custom:container-muxer-webm: aa71ff27fc2769a1b78a27578f13a17b -> 
  custom:container-demuxer-webm: 4f35f7cbe854078d1ac9338744f61a02 -> 
  custom:video-encoder-webm-vp8: eb34c28f22e8b96e1ab97ce403110664 -> 
  custom:audio-encoder-webm-vorbis: bf7c407c2cedff20999df2af8eb42d56 -> 
  custom:framework-win-MediaFoundation: 216162199b28c13a410421893ffa2e32 -> 
  custom:container-demuxer-ogg: 62fdf1f143b41e24485cea50d1cbac27 -> 
  custom:video-decoder-webm-vp8: 9c59270c3fd7afecdb556c50c9e8de78 -> 
  custom:audio-decoder-ogg-vorbis: bf7c407c2cedff20999df2af8eb42d56 -> 
========================================================================
Received Prepare
Registering precompiled user dll's ...
Registered in 0.011186 seconds.
Begin MonoManager ReloadAssembly
Symbol file LoadedFromMemory doesn't match image C:\Games\pre projekt\pols\Ballin\Library\PackageCache\com.unity.visualscripting@1.8.0\Editor\VisualScripting.Core\Dependencies\YamlDotNet\Unity.VisualScripting.YamlDotNet.dll
Symbol file LoadedFromMemory doesn't match image C:\Games\pre projekt\pols\Ballin\Library\PackageCache\com.unity.visualscripting@1.8.0\Editor\VisualScripting.Core\Dependencies\DotNetZip\Unity.VisualScripting.IonicZip.dll
Native extension for UWP target not found
Native extension for WindowsStandalone target not found
Refreshing native plugins compatible for Editor in 0.51 ms, found 3 plugins.
Preloading 0 native plugins for Editor in 0.00 ms.
Mono: successfully reloaded assembly
- Completed reload, in  1.162 seconds
Domain Reload Profiling:
	ReloadAssembly (1163ms)
		BeginReloadAssembly (172ms)
			ExecutionOrderSort (0ms)
			DisableScriptedObjects (7ms)
			BackupInstance (0ms)
			ReleaseScriptingObjects (0ms)
			CreateAndSetChildDomain (33ms)
		EndReloadAssembly (840ms)
			LoadAssemblies (137ms)
			RebuildTransferFunctionScriptingTraits (0ms)
			SetupTypeCache (244ms)
			ReleaseScriptCaches (1ms)
			RebuildScriptCaches (55ms)
			SetupLoadedEditorAssemblies (379ms)
				LogAssemblyErrors (0ms)
				InitializePlatformSupportModulesInManaged (11ms)
				SetLoadedEditorAssemblies (1ms)
				RefreshPlugins (1ms)
				BeforeProcessingInitializeOnLoad (76ms)
				ProcessInitializeOnLoadAttributes (247ms)
				ProcessInitializeOnLoadMethodAttributes (23ms)
				AfterProcessingInitializeOnLoad (20ms)
				EditorAssembliesLoaded (0ms)
			ExecutionOrderSort2 (0ms)
			AwakeInstancesAfterBackupRestoration (7ms)
Platform modules already initialized, skipping
Refreshing native plugins compatible for Editor in 3.16 ms, found 3 plugins.
Preloading 0 native plugins for Editor in 0.00 ms.
Unloading 3039 Unused Serialized files (Serialized files now loaded: 0)
Unloading 26 unused Assets / (1.2 MB). Loaded Objects now: 3564.
Memory consumption went from 132.2 MB to 130.9 MB.
Total: 3.295600 ms (FindLiveObjects: 0.296500 ms CreateObjectMapping: 0.087800 ms MarkObjects: 2.687200 ms  DeleteObjects: 0.222700 ms)

AssetImportParameters requested are different than current active one (requested -> active):
  custom:video-decoder-ogg-theora: a1e56fd34408186e4bbccfd4996cb3dc -> 
  custom:container-muxer-webm: aa71ff27fc2769a1b78a27578f13a17b -> 
  custom:container-demuxer-webm: 4f35f7cbe854078d1ac9338744f61a02 -> 
  custom:video-encoder-webm-vp8: eb34c28f22e8b96e1ab97ce403110664 -> 
  custom:audio-encoder-webm-vorbis: bf7c407c2cedff20999df2af8eb42d56 -> 
  custom:framework-win-MediaFoundation: 216162199b28c13a410421893ffa2e32 -> 
  custom:container-demuxer-ogg: 62fdf1f143b41e24485cea50d1cbac27 -> 
  custom:video-decoder-webm-vp8: 9c59270c3fd7afecdb556c50c9e8de78 -> 
  custom:audio-decoder-ogg-vorbis: bf7c407c2cedff20999df2af8eb42d56 -> 
========================================================================
Received Import Request.
  Time since last request: 341463.806625 seconds.
  path: Assets/Script/shop/Scriptable Objects/pics/Stage/slope.png
  artifactKey: Guid(956246e66208d8d4f949dfd7a36beabe) Importer(815301076,1909f56bfc062723c751e8b465ee728b)
Start importing Assets/Script/shop/Scriptable Objects/pics/Stage/slope.png using Guid(956246e66208d8d4f949dfd7a36beabe) Importer(815301076,1909f56bfc062723c751e8b465ee728b)  -> (artifact id: 'f518fd8b2ef0f55acf4762fdf0c03ca3') in 0.108258 seconds 
========================================================================
Received Import Request.
  Time since last request: 15.651845 seconds.
  path: Assets/Script/shop/Scriptable Objects/pics/Stage/slope.png
  artifactKey: Guid(956246e66208d8d4f949dfd7a36beabe) Importer(815301076,1909f56bfc062723c751e8b465ee728b)
Start importing Assets/Script/shop/Scriptable Objects/pics/Stage/slope.png using Guid(956246e66208d8d4f949dfd7a36beabe) Importer(815301076,1909f56bfc062723c751e8b465ee728b)  -> (artifact id: '4196604768af13a8104be3af9ec4ac4a') in 0.065257 seconds 
========================================================================
Received Import Request.
  Time since last request: 0.000026 seconds.
  path: Assets/Script/shop/Scriptable Objects/pics/Stage/traingle.png
  artifactKey: Guid(d7ebf7ac560d26e47a64b11000b03306) Importer(815301076,1909f56bfc062723c751e8b465ee728b)
Start importing Assets/Script/shop/Scriptable Objects/pics/Stage/traingle.png using Guid(d7ebf7ac560d26e47a64b11000b03306) Importer(815301076,1909f56bfc062723c751e8b465ee728b)  -> (artifact id: '08130b1abc2fdc50528980e95c57d0b4') in 0.044756 seconds 
========================================================================
Received Import Request.
  Time since last request: 7.056760 seconds.
  path: Assets/Script/shop/Scriptable Objects/pics/Bg/night_BG.png
  artifactKey: Guid(47affb628af1d2049965a114a4990ab6) Importer(815301076,1909f56bfc062723c751e8b465ee728b)
Start importing Assets/Script/shop/Scriptable Objects/pics/Bg/night_BG.png using Guid(47affb628af1d2049965a114a4990ab6) Importer(815301076,1909f56bfc062723c751e8b465ee728b)  -> (artifact id: '23c92b67f0a9f24b3c57b2eb8a098741') in 0.040246 seconds 
========================================================================
Received Import Request.
  Time since last request: 0.000019 seconds.
  path: Assets/Script/shop/Scriptable Objects/pics/Bg/pink_BG.png
  artifactKey: Guid(ef8e95437a0ed05469c05b4366cab049) Importer(815301076,1909f56bfc062723c751e8b465ee728b)
Start importing Assets/Script/shop/Scriptable Objects/pics/Bg/pink_BG.png using Guid(ef8e95437a0ed05469c05b4366cab049) Importer(815301076,1909f56bfc062723c751e8b465ee728b)  -> (artifact id: '77514a4c431e73da06da5a3186b23d3c') in 0.073301 seconds 
========================================================================
Received Import Request.
  Time since last request: 10.345194 seconds.
  path: Assets/Script/shop/Scriptable Objects/pics/Ball/gold.png
  artifactKey: Guid(7569b62bb8834104faf907b07b8996e2) Importer(815301076,1909f56bfc062723c751e8b465ee728b)
Start importing Assets/Script/shop/Scriptable Objects/pics/Ball/gold.png using Guid(7569b62bb8834104faf907b07b8996e2) Importer(815301076,1909f56bfc062723c751e8b465ee728b)  -> (artifact id: 'ba32525be15809bb4d8ce8b5e5ba3105') in 0.035363 seconds 
========================================================================
Received Import Request.
  Time since last request: 0.000025 seconds.
  path: Assets/Script/shop/Scriptable Objects/pics/Ball/white_Ball.png
  artifactKey: Guid(c3e78ddf8f037f842b81e711a9a30376) Importer(815301076,1909f56bfc062723c751e8b465ee728b)
Start importing Assets/Script/shop/Scriptable Objects/pics/Ball/white_Ball.png using Guid(c3e78ddf8f037f842b81e711a9a30376) Importer(815301076,1909f56bfc062723c751e8b465ee728b)  -> (artifact id: 'f3c6e1c08709cfd84896e025511aa531') in 0.045392 seconds 
========================================================================
Received Import Request.
  Time since last request: 14.251469 seconds.
  path: Assets/Script/shop/Scriptable Objects/Items/Materials/DefaultMaterial.asset
  artifactKey: Guid(88d0202a93f14284582beb7fb268a690) Importer(815301076,1909f56bfc062723c751e8b465ee728b)
Start importing Assets/Script/shop/Scriptable Objects/Items/Materials/DefaultMaterial.asset using Guid(88d0202a93f14284582beb7fb268a690) Importer(815301076,1909f56bfc062723c751e8b465ee728b)  -> (artifact id: '941d4a22d67fc4e86c59520274a9a798') in 0.009931 seconds 
========================================================================
Received Import Request.
  Time since last request: 0.000020 seconds.
  path: Assets/Script/shop/Scriptable Objects/Items/Materials/gold.asset
  artifactKey: Guid(1240eb57539319e47adcaf4a7c4473a8) Importer(815301076,1909f56bfc062723c751e8b465ee728b)
Start importing Assets/Script/shop/Scriptable Objects/Items/Materials/gold.asset using Guid(1240eb57539319e47adcaf4a7c4473a8) Importer(815301076,1909f56bfc062723c751e8b465ee728b)  -> (artifact id: 'e3399418910f3ee034e27950f97b1ece') in 0.003800 seconds 
========================================================================
Received Import Request.
  Time since last request: 187.191654 seconds.
  path: Assets/Materials/black-metal.mat
  artifactKey: Guid(7f0f389c21a3dff40b48a4a529d778da) Importer(815301076,1909f56bfc062723c751e8b465ee728b)
Start importing Assets/Materials/black-metal.mat using Guid(7f0f389c21a3dff40b48a4a529d778da) Importer(815301076,1909f56bfc062723c751e8b465ee728b)  -> (artifact id: '7e9d80f2405e9266c19711543f290ec3') in 0.392680 seconds 
========================================================================
Received Import Request.
  Time since last request: 0.000022 seconds.
  path: Assets/Materials/funny_schwarz_rot_weiß.mat
  artifactKey: Guid(6496d95ce5bdb494b8cd13ae34e07005) Importer(815301076,1909f56bfc062723c751e8b465ee728b)
Start importing Assets/Materials/funny_schwarz_rot_weiß.mat using Guid(6496d95ce5bdb494b8cd13ae34e07005) Importer(815301076,1909f56bfc062723c751e8b465ee728b)  -> (artifact id: 'f8e4ffba23d05099ab6e59da8a55af7d') in 0.211385 seconds 
========================================================================
Received Import Request.
  Time since last request: 0.000040 seconds.
  path: Assets/UI Toolkit/UnityThemes/UnityDefaultRuntimeTheme.tss
  artifactKey: Guid(c41605e48a0f6f24fb39ade41a5a3b00) Importer(815301076,1909f56bfc062723c751e8b465ee728b)
Start importing Assets/UI Toolkit/UnityThemes/UnityDefaultRuntimeTheme.tss using Guid(c41605e48a0f6f24fb39ade41a5a3b00) Importer(815301076,1909f56bfc062723c751e8b465ee728b)  -> (artifact id: '9a4cda99a4542342e7a8d269e8c6de0b') in 0.082229 seconds 
========================================================================
Received Import Request.
  Time since last request: 0.000019 seconds.
  path: Assets/Materials/gefleckt_gruen_schwarz.mat
  artifactKey: Guid(548f7bc5683a8fe4e8f15f438129be2f) Importer(815301076,1909f56bfc062723c751e8b465ee728b)
Start importing Assets/Materials/gefleckt_gruen_schwarz.mat using Guid(548f7bc5683a8fe4e8f15f438129be2f) Importer(815301076,1909f56bfc062723c751e8b465ee728b)  -> (artifact id: 'f32298c88f74e73dbd78934b2cdf8324') in 0.016299 seconds 
========================================================================
Received Import Request.
  Time since last request: 0.698987 seconds.
  path: Assets/Materials/glassbricks.mat
  artifactKey: Guid(8fe5d7a1c5a385f4eab0816937fb2798) Importer(815301076,1909f56bfc062723c751e8b465ee728b)
Start importing Assets/Materials/glassbricks.mat using Guid(8fe5d7a1c5a385f4eab0816937fb2798) Importer(815301076,1909f56bfc062723c751e8b465ee728b)  -> (artifact id: '3e92bdb4b5b6daf40a4ca8868de60a83') in 0.110579 seconds 
========================================================================
Received Import Request.
  Time since last request: 0.292735 seconds.
  path: Assets/Textures/SpaceSkies Free/Skybox_2/Green_1K_Resolution.mat
  artifactKey: Guid(7532f699e134c3547b373487f6b4d57f) Importer(815301076,1909f56bfc062723c751e8b465ee728b)
Start importing Assets/Textures/SpaceSkies Free/Skybox_2/Green_1K_Resolution.mat using Guid(7532f699e134c3547b373487f6b4d57f) Importer(815301076,1909f56bfc062723c751e8b465ee728b)  -> (artifact id: '6d108a23d6e2c734139af9c05dd2659e') in 0.169140 seconds 
========================================================================
Received Import Request.
  Time since last request: 1.045009 seconds.
  path: Assets/prefabs/raw models/segment_standard.fbx
  artifactKey: Guid(d6d0c5c3d08b2e34285afc06daddad9f) Importer(815301076,1909f56bfc062723c751e8b465ee728b)
Start importing Assets/prefabs/raw models/segment_standard.fbx using Guid(d6d0c5c3d08b2e34285afc06daddad9f) Importer(815301076,1909f56bfc062723c751e8b465ee728b)  -> (artifact id: '904f425e0132bfa86210e31586be074b') in 0.064747 seconds 
========================================================================
Received Import Request.
  Time since last request: 0.000034 seconds.
  path: Assets/prefabs/raw models/segment_thin_middle.fbx
  artifactKey: Guid(8b2404a0fca96b443a6d185d864567d8) Importer(815301076,1909f56bfc062723c751e8b465ee728b)
Start importing Assets/prefabs/raw models/segment_thin_middle.fbx using Guid(8b2404a0fca96b443a6d185d864567d8) Importer(815301076,1909f56bfc062723c751e8b465ee728b)  -> (artifact id: '4f9b08ce13f86f15a38be09b36d6d32f') in 0.025455 seconds 
========================================================================
Received Import Request.
  Time since last request: 0.113003 seconds.
  path: Assets/prefabs/raw models/segment_wrench_ramp.fbx
  artifactKey: Guid(4d60579233d71e34ea948d3ff788229a) Importer(815301076,1909f56bfc062723c751e8b465ee728b)
Start importing Assets/prefabs/raw models/segment_wrench_ramp.fbx using Guid(4d60579233d71e34ea948d3ff788229a) Importer(815301076,1909f56bfc062723c751e8b465ee728b)  -> (artifact id: 'd5b50f765678d81b8316f1b30497595e') in 0.027877 seconds 
========================================================================
Received Import Request.
  Time since last request: 0.045951 seconds.
  path: Assets/TextMesh Pro/Resources/Fonts & Materials/LiberationSans SDF - Drop Shadow.mat
  artifactKey: Guid(e73a58f6e2794ae7b1b7e50b7fb811b0) Importer(815301076,1909f56bfc062723c751e8b465ee728b)
Start importing Assets/TextMesh Pro/Resources/Fonts & Materials/LiberationSans SDF - Drop Shadow.mat using Guid(e73a58f6e2794ae7b1b7e50b7fb811b0) Importer(815301076,1909f56bfc062723c751e8b465ee728b)  -> (artifact id: '50aea168f166605b13d6eac288e40141') in 0.088137 seconds 
========================================================================
Received Import Request.
  Time since last request: 3.220238 seconds.
  path: Assets/Modelsfromblender/Ball.fbx
  artifactKey: Guid(ea6f8ee30ca4b4b42a8270cb4acbb7de) Importer(815301076,1909f56bfc062723c751e8b465ee728b)
Start importing Assets/Modelsfromblender/Ball.fbx using Guid(ea6f8ee30ca4b4b42a8270cb4acbb7de) Importer(815301076,1909f56bfc062723c751e8b465ee728b)  -> (artifact id: 'd0fcd28738c66c3d773f5361e9f18fde') in 0.029317 seconds 
========================================================================
Received Import Request.
  Time since last request: 0.675013 seconds.
  path: Assets/Thirdparty/Ciathyza/Gridbox Prototype Materials/Materials/URP/Prototype_512x512_Blue1.mat
  artifactKey: Guid(0f29e3c1c576f6641b9e474f6b194480) Importer(815301076,1909f56bfc062723c751e8b465ee728b)
Start importing Assets/Thirdparty/Ciathyza/Gridbox Prototype Materials/Materials/URP/Prototype_512x512_Blue1.mat using Guid(0f29e3c1c576f6641b9e474f6b194480) Importer(815301076,1909f56bfc062723c751e8b465ee728b)  -> (artifact id: '4d187cfe9033d6c1143b9d1ca4734653') in 0.015325 seconds 
========================================================================
Received Import Request.
  Time since last request: 0.298642 seconds.
  path: Assets/Thirdparty/Ciathyza/Gridbox Prototype Materials/Materials/URP/Prototype_512x512_Blue2.mat
  artifactKey: Guid(e18ded4b611aa8f4a9f0f261d2f29537) Importer(815301076,1909f56bfc062723c751e8b465ee728b)
Start importing Assets/Thirdparty/Ciathyza/Gridbox Prototype Materials/Materials/URP/Prototype_512x512_Blue2.mat using Guid(e18ded4b611aa8f4a9f0f261d2f29537) Importer(815301076,1909f56bfc062723c751e8b465ee728b)  -> (artifact id: '45132946fb200b8e7bee54d17d59943e') in 0.015185 seconds 
========================================================================
Received Import Request.
  Time since last request: 0.328039 seconds.
  path: Assets/Thirdparty/Ciathyza/Gridbox Prototype Materials/Materials/HDRP/Prototype_512x512_Blue3.mat
  artifactKey: Guid(c90bcdf992e150d41b0ee0f7aabccad6) Importer(815301076,1909f56bfc062723c751e8b465ee728b)
Start importing Assets/Thirdparty/Ciathyza/Gridbox Prototype Materials/Materials/HDRP/Prototype_512x512_Blue3.mat using Guid(c90bcdf992e150d41b0ee0f7aabccad6) Importer(815301076,1909f56bfc062723c751e8b465ee728b)  -> (artifact id: '7b16087d10f827bb4731334b6ab00238') in 0.044046 seconds 
========================================================================
Received Import Request.
  Time since last request: 1.488876 seconds.
  path: Assets/Thirdparty/Ciathyza/Gridbox Prototype Materials/Materials/HDRP/Prototype_512x512_Grey2.mat
  artifactKey: Guid(572218b186e96c648853f56156b07925) Importer(815301076,1909f56bfc062723c751e8b465ee728b)
Start importing Assets/Thirdparty/Ciathyza/Gridbox Prototype Materials/Materials/HDRP/Prototype_512x512_Grey2.mat using Guid(572218b186e96c648853f56156b07925) Importer(815301076,1909f56bfc062723c751e8b465ee728b)  -> (artifact id: 'ba641000796c5ed6f850d5998b34b06b') in 0.110017 seconds 
========================================================================
Received Import Request.
  Time since last request: 0.193555 seconds.
  path: Assets/Thirdparty/Ciathyza/Gridbox Prototype Materials/Materials/HDRP/Prototype_512x512_Grey4.mat
  artifactKey: Guid(cd022c63e7c1c7f4e98c0083ed2bcf70) Importer(815301076,1909f56bfc062723c751e8b465ee728b)
Start importing Assets/Thirdparty/Ciathyza/Gridbox Prototype Materials/Materials/HDRP/Prototype_512x512_Grey4.mat using Guid(cd022c63e7c1c7f4e98c0083ed2bcf70) Importer(815301076,1909f56bfc062723c751e8b465ee728b)  -> (artifact id: '374d5b6feb378739d6d3f1953a80c89e') in 0.144237 seconds 
========================================================================
Received Import Request.
  Time since last request: 0.168814 seconds.
  path: Assets/Thirdparty/Ciathyza/Gridbox Prototype Materials/Materials/Standard/Prototype_512x512_Olive.mat
  artifactKey: Guid(f794c8451763f354c84ed1f9b0ea15a5) Importer(815301076,1909f56bfc062723c751e8b465ee728b)
Start importing Assets/Thirdparty/Ciathyza/Gridbox Prototype Materials/Materials/Standard/Prototype_512x512_Olive.mat using Guid(f794c8451763f354c84ed1f9b0ea15a5) Importer(815301076,1909f56bfc062723c751e8b465ee728b)  -> (artifact id: 'fa2fad38fa3d9a8ae493586096f4ab44') in 0.490887 seconds 
========================================================================
Received Import Request.
  Time since last request: 0.053242 seconds.
  path: Assets/Thirdparty/Ciathyza/Gridbox Prototype Materials/Materials/Standard/Prototype_512x512_Pink.mat
  artifactKey: Guid(4944e2c33c99f9f46a4796e2e746213e) Importer(815301076,1909f56bfc062723c751e8b465ee728b)
Start importing Assets/Thirdparty/Ciathyza/Gridbox Prototype Materials/Materials/Standard/Prototype_512x512_Pink.mat using Guid(4944e2c33c99f9f46a4796e2e746213e) Importer(815301076,1909f56bfc062723c751e8b465ee728b)  -> (artifact id: 'fb97fdda342511bf9d762202853a8235') in 0.303946 seconds 
========================================================================
Received Import Request.
  Time since last request: 0.000021 seconds.
  path: Assets/Thirdparty/Ciathyza/Gridbox Prototype Materials/Materials/URP/Prototype_512x512_Red.mat
  artifactKey: Guid(a4b62a69d54e80347bd546999c6d4b9e) Importer(815301076,1909f56bfc062723c751e8b465ee728b)
Start importing Assets/Thirdparty/Ciathyza/Gridbox Prototype Materials/Materials/URP/Prototype_512x512_Red.mat using Guid(a4b62a69d54e80347bd546999c6d4b9e) Importer(815301076,1909f56bfc062723c751e8b465ee728b)  -> (artifact id: 'ab3c85137e2ccd4abc5fa451cab54a5d') in 0.146965 seconds 
========================================================================
Received Import Request.
  Time since last request: 0.000038 seconds.
  path: Assets/Thirdparty/Ciathyza/Gridbox Prototype Materials/Materials/Standard/Prototype_512x512_White.mat
  artifactKey: Guid(aeee7071bea0a4c478b4fea5933c5f79) Importer(815301076,1909f56bfc062723c751e8b465ee728b)
Start importing Assets/Thirdparty/Ciathyza/Gridbox Prototype Materials/Materials/Standard/Prototype_512x512_White.mat using Guid(aeee7071bea0a4c478b4fea5933c5f79) Importer(815301076,1909f56bfc062723c751e8b465ee728b)  -> (artifact id: 'a53ad96d94faceb3065d216fa3dcb2fc') in 0.029146 seconds 
========================================================================
Received Import Request.
  Time since last request: 0.084494 seconds.
  path: Assets/Materials/sci-fi-gold.mat
  artifactKey: Guid(f88b54017e3c32445a2f322dd92f4d35) Importer(815301076,1909f56bfc062723c751e8b465ee728b)
Start importing Assets/Materials/sci-fi-gold.mat using Guid(f88b54017e3c32445a2f322dd92f4d35) Importer(815301076,1909f56bfc062723c751e8b465ee728b)  -> (artifact id: '98abd422474558e342b8206b812f8ed2') in 0.041598 seconds 
========================================================================
Received Import Request.
  Time since last request: 0.000020 seconds.
  path: Assets/Materials/skybox.mat
  artifactKey: Guid(6633fe3f047ffc5468821278552c1049) Importer(815301076,1909f56bfc062723c751e8b465ee728b)
Start importing Assets/Materials/skybox.mat using Guid(6633fe3f047ffc5468821278552c1049) Importer(815301076,1909f56bfc062723c751e8b465ee728b)  -> (artifact id: '3fe058d5d536b7da503c6b699d830477') in 0.285741 seconds 
Editor requested this worker to shutdown with reason: Scaling down because of idle timeout
AssetImportWorker is now disconnected from the server
Process exiting
Exiting without the bug reporter. Application will terminate with return code 0